<?xml version="1.0" encoding="UTF-8"?>
<testng-results ignored="1" total="2" passed="1" failed="0" skipped="0">
  <reporter-output>
  </reporter-output>
  <suite started-at="2023-02-22T15:33:38 EET" name="Default suite" finished-at="2023-02-22T15:33:41 EET" duration-ms="2469">
    <groups>
    </groups>
    <test started-at="2023-02-22T15:33:38 EET" name="Default test" finished-at="2023-02-22T15:33:41 EET" duration-ms="2469">
      <class name="testAPI.TestAPIS">
        <test-method signature="getAllFilmsTest()[pri:0, instance:testAPI.TestAPIS@1ea9f6af]" started-at="2023-02-22T15:33:38 EET" name="getAllFilmsTest" finished-at="2023-02-22T15:33:41 EET" duration-ms="2441" status="PASS">
          <reporter-output>
          </reporter-output>
        </test-method> <!-- getAllFilmsTest -->
      </class> <!-- testAPI.TestAPIS -->
    </test> <!-- Default test -->
  </suite> <!-- Default suite -->
</testng-results>
